<?xml version="1.0" encoding="UTF-8"?>
<!-- Generated by org.testng.reporters.JUnitReportReporter -->
<testsuite hostname="DESKTOP-RARDA68" failures="0" tests="4" name="com.example.demo.blazedemo.AutomationTest" time="5.490" errors="0" timestamp="2024-02-19T05:12:46 IST" skipped="0">
  <testcase classname="com.example.demo.blazedemo.AutomationTest" name="testHomePageTitle" time="1.046"/>
  <system-out/>
  <testcase classname="com.example.demo.blazedemo.AutomationTest" name="testDestinationOfTheWeek" time="1.296"/>
  <system-out/>
  <testcase classname="com.example.demo.blazedemo.AutomationTest" name="testPurchaseTicket" time="3.103"/>
  <system-out/>
  <testcase classname="com.example.demo.blazedemo.AutomationTest" name="testGetID" time="0.045"/>
  <system-out/>
</testsuite> <!-- com.example.demo.blazedemo.AutomationTest -->
